<?xml version="1.0" encoding="UTF-8"?>
<!-- Generated by org.testng.reporters.JUnitReportReporter -->
<testsuite hostname="DESKTOP-91EUGE9" failures="0" tests="21" name="testcase.smoketest_US" time="647.934" errors="1" timestamp="2025-03-20T15:17:28 IST" skipped="0">
  <testcase classname="testcase.smoketest_US" name="login" time="16.664"/>
  <system-out/>
  <testcase classname="testcase.smoketest_US" name="Settings_status" time="31.944"/>
  <system-out/>
  <testcase classname="testcase.smoketest_US" name="Settings_type" time="29.988"/>
  <system-out/>
  <testcase classname="testcase.smoketest_US" name="Settings_Make" time="30.992"/>
  <system-out/>
  <testcase classname="testcase.smoketest_US" name="Settings_Model" time="35.936"/>
  <system-out/>
  <testcase classname="testcase.smoketest_US" name="Settings_CheckForm" time="65.687">
    <error message="element click intercepted: Element &lt;a _ngcontent-c10=&quot;&quot; href=&quot;/system_settings#sales&quot; translate=&quot;&quot;&gt;...&lt;/a&gt; is not clickable at point (55, 56). Other element would receive the click: &lt;div class=&quot;save_confirmation_wrapper&quot;&gt;...&lt;/div&gt;
  (Session info: chrome=134.0.6998.90)
Build info: version: &#039;3.14.0&#039;, revision: &#039;aacccce0&#039;, time: &#039;2018-08-02T20:19:58.91Z&#039;
System info: host: &#039;DESKTOP-91EUGE9&#039;, ip: &#039;192.168.100.141&#039;, os.name: &#039;Windows 11&#039;, os.arch: &#039;amd64&#039;, os.version: &#039;10.0&#039;, java.version: &#039;17.0.11&#039;
Driver info: org.openqa.selenium.chrome.ChromeDriver
Capabilities {acceptInsecureCerts: false, browserName: chrome, browserVersion: 134.0.6998.90, chrome: {chromedriverVersion: 134.0.6998.90 (219ee74681fc..., userDataDir: C:\Users\srimaya\AppData\Lo...}, fedcm:accounts: true, goog:chromeOptions: {debuggerAddress: localhost:60579}, javascriptEnabled: true, networkConnectionEnabled: false, pageLoadStrategy: normal, platform: WINDOWS, platformName: WINDOWS, proxy: Proxy(), setWindowRect: true, strictFileInteractability: false, timeouts: {implicit: 0, pageLoad: 300000, script: 30000}, unhandledPromptBehavior: dismiss and notify, webauthn:extension:credBlob: true, webauthn:extension:largeBlob: true, webauthn:extension:minPinLength: true, webauthn:extension:prf: true, webauthn:virtualAuthenticators: true}
Session ID: 152580a7718647eb45249a0bdc5cb726" type="org.openqa.selenium.ElementClickInterceptedException">
      <![CDATA[org.openqa.selenium.ElementClickInterceptedException: element click intercepted: Element <a _ngcontent-c10="" href="/system_settings#sales" translate="">...</a> is not clickable at point (55, 56). Other element would receive the click: <div class="save_confirmation_wrapper">...</div>
  (Session info: chrome=134.0.6998.90)
Build info: version: '3.14.0', revision: 'aacccce0', time: '2018-08-02T20:19:58.91Z'
System info: host: 'DESKTOP-91EUGE9', ip: '192.168.100.141', os.name: 'Windows 11', os.arch: 'amd64', os.version: '10.0', java.version: '17.0.11'
Driver info: org.openqa.selenium.chrome.ChromeDriver
Capabilities {acceptInsecureCerts: false, browserName: chrome, browserVersion: 134.0.6998.90, chrome: {chromedriverVersion: 134.0.6998.90 (219ee74681fc..., userDataDir: C:\Users\srimaya\AppData\Lo...}, fedcm:accounts: true, goog:chromeOptions: {debuggerAddress: localhost:60579}, javascriptEnabled: true, networkConnectionEnabled: false, pageLoadStrategy: normal, platform: WINDOWS, platformName: WINDOWS, proxy: Proxy(), setWindowRect: true, strictFileInteractability: false, timeouts: {implicit: 0, pageLoad: 300000, script: 30000}, unhandledPromptBehavior: dismiss and notify, webauthn:extension:credBlob: true, webauthn:extension:largeBlob: true, webauthn:extension:minPinLength: true, webauthn:extension:prf: true, webauthn:virtualAuthenticators: true}
Session ID: 152580a7718647eb45249a0bdc5cb726
at java.base/jdk.internal.reflect.NativeConstructorAccessorImpl.newInstance0(Native Method)
at java.base/jdk.internal.reflect.NativeConstructorAccessorImpl.newInstance(NativeConstructorAccessorImpl.java:77)
at java.base/jdk.internal.reflect.DelegatingConstructorAccessorImpl.newInstance(DelegatingConstructorAccessorImpl.java:45)
at java.base/java.lang.reflect.Constructor.newInstanceWithCaller(Constructor.java:499)
at java.base/java.lang.reflect.Constructor.newInstance(Constructor.java:480)
at org.openqa.selenium.remote.http.W3CHttpResponseCodec.createException(W3CHttpResponseCodec.java:187)
at org.openqa.selenium.remote.http.W3CHttpResponseCodec.decode(W3CHttpResponseCodec.java:122)
at org.openqa.selenium.remote.http.W3CHttpResponseCodec.decode(W3CHttpResponseCodec.java:49)
at org.openqa.selenium.remote.HttpCommandExecutor.execute(HttpCommandExecutor.java:158)
at org.openqa.selenium.remote.service.DriverCommandExecutor.execute(DriverCommandExecutor.java:83)
at org.openqa.selenium.remote.RemoteWebDriver.execute(RemoteWebDriver.java:548)
at org.openqa.selenium.remote.RemoteWebElement.execute(RemoteWebElement.java:276)
at org.openqa.selenium.remote.RemoteWebElement.click(RemoteWebElement.java:83)
at action.wrapper.click(wrapper.java:110)
at testcase.smoketest_US.Settings_CheckForm(smoketest_US.java:299)
at java.base/jdk.internal.reflect.NativeMethodAccessorImpl.invoke0(Native Method)
at java.base/jdk.internal.reflect.NativeMethodAccessorImpl.invoke(NativeMethodAccessorImpl.java:77)
at java.base/jdk.internal.reflect.DelegatingMethodAccessorImpl.invoke(DelegatingMethodAccessorImpl.java:43)
at java.base/java.lang.reflect.Method.invoke(Method.java:568)
at org.testng.internal.MethodInvocationHelper.invokeMethod(MethodInvocationHelper.java:134)
at org.testng.internal.TestInvoker.invokeMethod(TestInvoker.java:597)
at org.testng.internal.TestInvoker.invokeTestMethod(TestInvoker.java:173)
at org.testng.internal.MethodRunner.runInSequence(MethodRunner.java:46)
at org.testng.internal.TestInvoker$MethodInvocationAgent.invoke(TestInvoker.java:816)
at org.testng.internal.TestInvoker.invokeTestMethods(TestInvoker.java:146)
at org.testng.internal.TestMethodWorker.invokeTestMethods(TestMethodWorker.java:146)
at org.testng.internal.TestMethodWorker.run(TestMethodWorker.java:128)
at java.base/java.util.ArrayList.forEach(ArrayList.java:1511)
at org.testng.TestRunner.privateRun(TestRunner.java:766)
at org.testng.TestRunner.run(TestRunner.java:587)
at org.testng.SuiteRunner.runTest(SuiteRunner.java:384)
at org.testng.SuiteRunner.runSequentially(SuiteRunner.java:378)
at org.testng.SuiteRunner.privateRun(SuiteRunner.java:337)
at org.testng.SuiteRunner.run(SuiteRunner.java:286)
at org.testng.SuiteRunnerWorker.runSuite(SuiteRunnerWorker.java:53)
at org.testng.SuiteRunnerWorker.run(SuiteRunnerWorker.java:96)
at org.testng.TestNG.runSuitesSequentially(TestNG.java:1187)
at org.testng.TestNG.runSuitesLocally(TestNG.java:1109)
at org.testng.TestNG.runSuites(TestNG.java:1039)
at org.testng.TestNG.run(TestNG.java:1007)
at org.testng.remote.AbstractRemoteTestNG.run(AbstractRemoteTestNG.java:115)
at org.testng.remote.RemoteTestNG.initAndRun(RemoteTestNG.java:293)
at org.testng.remote.RemoteTestNG.main(RemoteTestNG.java:91)
]]>
    </error>
  </testcase> <!-- Settings_CheckForm -->
  <system-out/>
  <testcase classname="testcase.smoketest_US" name="Settings_reminder" time="40.130"/>
  <system-out/>
  <testcase classname="testcase.smoketest_US" name="Settings_checktemplate" time="23.938"/>
  <system-out/>
  <testcase classname="testcase.smoketest_US" name="Settings_maintenance" time="47.155"/>
  <system-out/>
  <testcase classname="testcase.smoketest_US" name="settings_geofence" time="62.966"/>
  <system-out/>
  <testcase classname="testcase.smoketest_US" name="settings_out_of_hours" time="36.838"/>
  <system-out/>
  <testcase classname="testcase.smoketest_US" name="settings_engineerdepature" time="19.212"/>
  <system-out/>
  <testcase classname="testcase.smoketest_US" name="settings_late_arrival" time="34.994"/>
  <system-out/>
  <testcase classname="testcase.smoketest_US" name="addVehicle" time="34.679"/>
  <system-out/>
  <testcase classname="testcase.smoketest_US" name="deleteVehicle" time="33.119"/>
  <system-out/>
  <testcase classname="testcase.smoketest_US" name="viewVehicle_Timeline" time="27.765"/>
  <system-out/>
  <testcase classname="testcase.smoketest_US" name="viewVehicle_Maintenance" time="14.565"/>
  <system-out/>
  <testcase classname="testcase.smoketest_US" name="viewVehicle_attachfiles" time="23.335"/>
  <system-out/>
  <testcase classname="testcase.smoketest_US" name="reminder_list" time="15.427"/>
  <system-out/>
  <testcase classname="testcase.smoketest_US" name="maintenance_list" time="15.286"/>
  <system-out/>
  <testcase classname="testcase.smoketest_US" name="dashboard_validation" time="7.314"/>
  <system-out/>
</testsuite> <!-- testcase.smoketest_US -->
