<?xml version="1.0" encoding="UTF-8"?>
<testng-results ignored="0" total="21" passed="20" failed="1" skipped="0">
  <reporter-output>
  </reporter-output>
  <suite started-at="2025-03-20T15:06:29 IST" name="Default suite" finished-at="2025-03-20T15:17:27 IST" duration-ms="658050">
    <groups>
    </groups>
    <test started-at="2025-03-20T15:06:29 IST" name="Default test" finished-at="2025-03-20T15:17:27 IST" duration-ms="658050">
      <class name="testcase.smoketest_US">
        <test-method is-config="true" signature="initial()[pri:0, instance:testcase.smoketest_US@59505b48]" started-at="2025-03-20T15:06:29 IST" name="initial" finished-at="2025-03-20T15:06:29 IST" duration-ms="175" status="PASS">
          <reporter-output>
          </reporter-output>
        </test-method> <!-- initial -->
        <test-method is-config="true" signature="setup()[pri:0, instance:testcase.smoketest_US@59505b48]" started-at="2025-03-20T15:06:29 IST" name="setup" finished-at="2025-03-20T15:06:39 IST" duration-ms="10054" status="PASS">
          <reporter-output>
          </reporter-output>
        </test-method> <!-- setup -->
        <test-method signature="login()[pri:1, instance:testcase.smoketest_US@59505b48]" started-at="2025-03-20T15:06:39 IST" name="login" finished-at="2025-03-20T15:06:55 IST" duration-ms="15614" status="PASS">
          <reporter-output>
          </reporter-output>
        </test-method> <!-- login -->
        <test-method is-config="true" signature="teardown(org.testng.ITestResult)[pri:0, instance:testcase.smoketest_US@59505b48]" started-at="2025-03-20T15:06:55 IST" name="teardown" finished-at="2025-03-20T15:06:56 IST" duration-ms="787" status="PASS">
          <params>
            <param index="0">
              <value>
                <![CDATA[[TestResult name=login status=SUCCESS method=smoketest_US.login()[pri:1, instance:testcase.smoketest_US@59505b48] output={null}]]]>
              </value>
            </param>
          </params>
          <reporter-output>
          </reporter-output>
        </test-method> <!-- teardown -->
        <test-method signature="Settings_status()[pri:2, instance:testcase.smoketest_US@59505b48]" started-at="2025-03-20T15:06:56 IST" name="Settings_status" finished-at="2025-03-20T15:07:27 IST" duration-ms="31244" status="PASS">
          <reporter-output>
          </reporter-output>
        </test-method> <!-- Settings_status -->
        <test-method is-config="true" signature="teardown(org.testng.ITestResult)[pri:0, instance:testcase.smoketest_US@59505b48]" started-at="2025-03-20T15:07:27 IST" name="teardown" finished-at="2025-03-20T15:07:28 IST" duration-ms="734" status="PASS">
          <params>
            <param index="0">
              <value>
                <![CDATA[[TestResult name=Settings_status status=SUCCESS method=smoketest_US.Settings_status()[pri:2, instance:testcase.smoketest_US@59505b48] output={null}]]]>
              </value>
            </param>
          </params>
          <reporter-output>
          </reporter-output>
        </test-method> <!-- teardown -->
        <test-method signature="Settings_type()[pri:3, instance:testcase.smoketest_US@59505b48]" started-at="2025-03-20T15:07:28 IST" name="Settings_type" finished-at="2025-03-20T15:07:57 IST" duration-ms="29286" status="PASS">
          <reporter-output>
          </reporter-output>
        </test-method> <!-- Settings_type -->
        <test-method is-config="true" signature="teardown(org.testng.ITestResult)[pri:0, instance:testcase.smoketest_US@59505b48]" started-at="2025-03-20T15:07:57 IST" name="teardown" finished-at="2025-03-20T15:07:58 IST" duration-ms="704" status="PASS">
          <params>
            <param index="0">
              <value>
                <![CDATA[[TestResult name=Settings_type status=SUCCESS method=smoketest_US.Settings_type()[pri:3, instance:testcase.smoketest_US@59505b48] output={null}]]]>
              </value>
            </param>
          </params>
          <reporter-output>
          </reporter-output>
        </test-method> <!-- teardown -->
        <test-method signature="Settings_Make()[pri:4, instance:testcase.smoketest_US@59505b48]" started-at="2025-03-20T15:07:58 IST" name="Settings_Make" finished-at="2025-03-20T15:08:28 IST" duration-ms="30200" status="PASS">
          <reporter-output>
          </reporter-output>
        </test-method> <!-- Settings_Make -->
        <test-method is-config="true" signature="teardown(org.testng.ITestResult)[pri:0, instance:testcase.smoketest_US@59505b48]" started-at="2025-03-20T15:08:28 IST" name="teardown" finished-at="2025-03-20T15:08:29 IST" duration-ms="734" status="PASS">
          <params>
            <param index="0">
              <value>
                <![CDATA[[TestResult name=Settings_Make status=SUCCESS method=smoketest_US.Settings_Make()[pri:4, instance:testcase.smoketest_US@59505b48] output={null}]]]>
              </value>
            </param>
          </params>
          <reporter-output>
          </reporter-output>
        </test-method> <!-- teardown -->
        <test-method signature="Settings_Model()[pri:5, instance:testcase.smoketest_US@59505b48]" started-at="2025-03-20T15:08:29 IST" name="Settings_Model" finished-at="2025-03-20T15:09:04 IST" duration-ms="35202" status="PASS">
          <reporter-output>
          </reporter-output>
        </test-method> <!-- Settings_Model -->
        <test-method is-config="true" signature="teardown(org.testng.ITestResult)[pri:0, instance:testcase.smoketest_US@59505b48]" started-at="2025-03-20T15:09:04 IST" name="teardown" finished-at="2025-03-20T15:09:05 IST" duration-ms="702" status="PASS">
          <params>
            <param index="0">
              <value>
                <![CDATA[[TestResult name=Settings_Model status=SUCCESS method=smoketest_US.Settings_Model()[pri:5, instance:testcase.smoketest_US@59505b48] output={null}]]]>
              </value>
            </param>
          </params>
          <reporter-output>
          </reporter-output>
        </test-method> <!-- teardown -->
        <test-method signature="Settings_CheckForm()[pri:6, instance:testcase.smoketest_US@59505b48]" started-at="2025-03-20T15:09:05 IST" name="Settings_CheckForm" finished-at="2025-03-20T15:10:10 IST" duration-ms="64923" status="FAIL">
          <exception class="org.openqa.selenium.ElementClickInterceptedException">
            <message>
              <![CDATA[element click intercepted: Element <a _ngcontent-c10="" href="/system_settings#sales" translate="">...</a> is not clickable at point (55, 56). Other element would receive the click: <div class="save_confirmation_wrapper">...</div>
  (Session info: chrome=134.0.6998.90)
Build info: version: '3.14.0', revision: 'aacccce0', time: '2018-08-02T20:19:58.91Z'
System info: host: 'DESKTOP-91EUGE9', ip: '192.168.100.141', os.name: 'Windows 11', os.arch: 'amd64', os.version: '10.0', java.version: '17.0.11'
Driver info: org.openqa.selenium.chrome.ChromeDriver
Capabilities {acceptInsecureCerts: false, browserName: chrome, browserVersion: 134.0.6998.90, chrome: {chromedriverVersion: 134.0.6998.90 (219ee74681fc..., userDataDir: C:\Users\srimaya\AppData\Lo...}, fedcm:accounts: true, goog:chromeOptions: {debuggerAddress: localhost:60579}, javascriptEnabled: true, networkConnectionEnabled: false, pageLoadStrategy: normal, platform: WINDOWS, platformName: WINDOWS, proxy: Proxy(), setWindowRect: true, strictFileInteractability: false, timeouts: {implicit: 0, pageLoad: 300000, script: 30000}, unhandledPromptBehavior: dismiss and notify, webauthn:extension:credBlob: true, webauthn:extension:largeBlob: true, webauthn:extension:minPinLength: true, webauthn:extension:prf: true, webauthn:virtualAuthenticators: true}
Session ID: 152580a7718647eb45249a0bdc5cb726]]>
            </message>
            <full-stacktrace>
              <![CDATA[org.openqa.selenium.ElementClickInterceptedException: element click intercepted: Element <a _ngcontent-c10="" href="/system_settings#sales" translate="">...</a> is not clickable at point (55, 56). Other element would receive the click: <div class="save_confirmation_wrapper">...</div>
  (Session info: chrome=134.0.6998.90)
Build info: version: '3.14.0', revision: 'aacccce0', time: '2018-08-02T20:19:58.91Z'
System info: host: 'DESKTOP-91EUGE9', ip: '192.168.100.141', os.name: 'Windows 11', os.arch: 'amd64', os.version: '10.0', java.version: '17.0.11'
Driver info: org.openqa.selenium.chrome.ChromeDriver
Capabilities {acceptInsecureCerts: false, browserName: chrome, browserVersion: 134.0.6998.90, chrome: {chromedriverVersion: 134.0.6998.90 (219ee74681fc..., userDataDir: C:\Users\srimaya\AppData\Lo...}, fedcm:accounts: true, goog:chromeOptions: {debuggerAddress: localhost:60579}, javascriptEnabled: true, networkConnectionEnabled: false, pageLoadStrategy: normal, platform: WINDOWS, platformName: WINDOWS, proxy: Proxy(), setWindowRect: true, strictFileInteractability: false, timeouts: {implicit: 0, pageLoad: 300000, script: 30000}, unhandledPromptBehavior: dismiss and notify, webauthn:extension:credBlob: true, webauthn:extension:largeBlob: true, webauthn:extension:minPinLength: true, webauthn:extension:prf: true, webauthn:virtualAuthenticators: true}
Session ID: 152580a7718647eb45249a0bdc5cb726
at java.base/jdk.internal.reflect.NativeConstructorAccessorImpl.newInstance0(Native Method)
at java.base/jdk.internal.reflect.NativeConstructorAccessorImpl.newInstance(NativeConstructorAccessorImpl.java:77)
at java.base/jdk.internal.reflect.DelegatingConstructorAccessorImpl.newInstance(DelegatingConstructorAccessorImpl.java:45)
at java.base/java.lang.reflect.Constructor.newInstanceWithCaller(Constructor.java:499)
at java.base/java.lang.reflect.Constructor.newInstance(Constructor.java:480)
at org.openqa.selenium.remote.http.W3CHttpResponseCodec.createException(W3CHttpResponseCodec.java:187)
at org.openqa.selenium.remote.http.W3CHttpResponseCodec.decode(W3CHttpResponseCodec.java:122)
at org.openqa.selenium.remote.http.W3CHttpResponseCodec.decode(W3CHttpResponseCodec.java:49)
at org.openqa.selenium.remote.HttpCommandExecutor.execute(HttpCommandExecutor.java:158)
at org.openqa.selenium.remote.service.DriverCommandExecutor.execute(DriverCommandExecutor.java:83)
at org.openqa.selenium.remote.RemoteWebDriver.execute(RemoteWebDriver.java:548)
at org.openqa.selenium.remote.RemoteWebElement.execute(RemoteWebElement.java:276)
at org.openqa.selenium.remote.RemoteWebElement.click(RemoteWebElement.java:83)
at action.wrapper.click(wrapper.java:110)
at testcase.smoketest_US.Settings_CheckForm(smoketest_US.java:299)
at java.base/jdk.internal.reflect.NativeMethodAccessorImpl.invoke0(Native Method)
at java.base/jdk.internal.reflect.NativeMethodAccessorImpl.invoke(NativeMethodAccessorImpl.java:77)
at java.base/jdk.internal.reflect.DelegatingMethodAccessorImpl.invoke(DelegatingMethodAccessorImpl.java:43)
at java.base/java.lang.reflect.Method.invoke(Method.java:568)
at org.testng.internal.MethodInvocationHelper.invokeMethod(MethodInvocationHelper.java:134)
at org.testng.internal.TestInvoker.invokeMethod(TestInvoker.java:597)
at org.testng.internal.TestInvoker.invokeTestMethod(TestInvoker.java:173)
at org.testng.internal.MethodRunner.runInSequence(MethodRunner.java:46)
at org.testng.internal.TestInvoker$MethodInvocationAgent.invoke(TestInvoker.java:816)
at org.testng.internal.TestInvoker.invokeTestMethods(TestInvoker.java:146)
at org.testng.internal.TestMethodWorker.invokeTestMethods(TestMethodWorker.java:146)
at org.testng.internal.TestMethodWorker.run(TestMethodWorker.java:128)
at java.base/java.util.ArrayList.forEach(ArrayList.java:1511)
at org.testng.TestRunner.privateRun(TestRunner.java:766)
at org.testng.TestRunner.run(TestRunner.java:587)
at org.testng.SuiteRunner.runTest(SuiteRunner.java:384)
at org.testng.SuiteRunner.runSequentially(SuiteRunner.java:378)
at org.testng.SuiteRunner.privateRun(SuiteRunner.java:337)
at org.testng.SuiteRunner.run(SuiteRunner.java:286)
at org.testng.SuiteRunnerWorker.runSuite(SuiteRunnerWorker.java:53)
at org.testng.SuiteRunnerWorker.run(SuiteRunnerWorker.java:96)
at org.testng.TestNG.runSuitesSequentially(TestNG.java:1187)
at org.testng.TestNG.runSuitesLocally(TestNG.java:1109)
at org.testng.TestNG.runSuites(TestNG.java:1039)
at org.testng.TestNG.run(TestNG.java:1007)
at org.testng.remote.AbstractRemoteTestNG.run(AbstractRemoteTestNG.java:115)
at org.testng.remote.RemoteTestNG.initAndRun(RemoteTestNG.java:293)
at org.testng.remote.RemoteTestNG.main(RemoteTestNG.java:91)
]]>
            </full-stacktrace>
          </exception> <!-- org.openqa.selenium.ElementClickInterceptedException -->
          <reporter-output>
          </reporter-output>
        </test-method> <!-- Settings_CheckForm -->
        <test-method is-config="true" signature="teardown(org.testng.ITestResult)[pri:0, instance:testcase.smoketest_US@59505b48]" started-at="2025-03-20T15:10:10 IST" name="teardown" finished-at="2025-03-20T15:10:11 IST" duration-ms="1050" status="PASS">
          <params>
            <param index="0">
              <value>
                <![CDATA[[TestResult name=Settings_CheckForm status=FAILURE method=smoketest_US.Settings_CheckForm()[pri:6, instance:testcase.smoketest_US@59505b48] output={null}]]]>
              </value>
            </param>
          </params>
          <reporter-output>
          </reporter-output>
        </test-method> <!-- teardown -->
        <test-method signature="Settings_reminder()[pri:7, instance:testcase.smoketest_US@59505b48]" started-at="2025-03-20T15:10:11 IST" name="Settings_reminder" finished-at="2025-03-20T15:10:50 IST" duration-ms="39402" status="PASS">
          <reporter-output>
          </reporter-output>
        </test-method> <!-- Settings_reminder -->
        <test-method is-config="true" signature="teardown(org.testng.ITestResult)[pri:0, instance:testcase.smoketest_US@59505b48]" started-at="2025-03-20T15:10:50 IST" name="teardown" finished-at="2025-03-20T15:10:51 IST" duration-ms="745" status="PASS">
          <params>
            <param index="0">
              <value>
                <![CDATA[[TestResult name=Settings_reminder status=SUCCESS method=smoketest_US.Settings_reminder()[pri:7, instance:testcase.smoketest_US@59505b48] output={null}]]]>
              </value>
            </param>
          </params>
          <reporter-output>
          </reporter-output>
        </test-method> <!-- teardown -->
        <test-method signature="Settings_checktemplate()[pri:8, instance:testcase.smoketest_US@59505b48]" started-at="2025-03-20T15:10:51 IST" name="Settings_checktemplate" finished-at="2025-03-20T15:11:14 IST" duration-ms="23205" status="PASS">
          <reporter-output>
          </reporter-output>
        </test-method> <!-- Settings_checktemplate -->
        <test-method is-config="true" signature="teardown(org.testng.ITestResult)[pri:0, instance:testcase.smoketest_US@59505b48]" started-at="2025-03-20T15:11:14 IST" name="teardown" finished-at="2025-03-20T15:11:15 IST" duration-ms="728" status="PASS">
          <params>
            <param index="0">
              <value>
                <![CDATA[[TestResult name=Settings_checktemplate status=SUCCESS method=smoketest_US.Settings_checktemplate()[pri:8, instance:testcase.smoketest_US@59505b48] output={null}]]]>
              </value>
            </param>
          </params>
          <reporter-output>
          </reporter-output>
        </test-method> <!-- teardown -->
        <test-method signature="Settings_maintenance()[pri:9, instance:testcase.smoketest_US@59505b48]" started-at="2025-03-20T15:11:15 IST" name="Settings_maintenance" finished-at="2025-03-20T15:12:01 IST" duration-ms="46417" status="PASS">
          <reporter-output>
          </reporter-output>
        </test-method> <!-- Settings_maintenance -->
        <test-method is-config="true" signature="teardown(org.testng.ITestResult)[pri:0, instance:testcase.smoketest_US@59505b48]" started-at="2025-03-20T15:12:01 IST" name="teardown" finished-at="2025-03-20T15:12:02 IST" duration-ms="792" status="PASS">
          <params>
            <param index="0">
              <value>
                <![CDATA[[TestResult name=Settings_maintenance status=SUCCESS method=smoketest_US.Settings_maintenance()[pri:9, instance:testcase.smoketest_US@59505b48] output={null}]]]>
              </value>
            </param>
          </params>
          <reporter-output>
          </reporter-output>
        </test-method> <!-- teardown -->
        <test-method signature="settings_geofence()[pri:10, instance:testcase.smoketest_US@59505b48]" started-at="2025-03-20T15:12:02 IST" name="settings_geofence" finished-at="2025-03-20T15:13:04 IST" duration-ms="62179" status="PASS">
          <reporter-output>
          </reporter-output>
        </test-method> <!-- settings_geofence -->
        <test-method is-config="true" signature="teardown(org.testng.ITestResult)[pri:0, instance:testcase.smoketest_US@59505b48]" started-at="2025-03-20T15:13:04 IST" name="teardown" finished-at="2025-03-20T15:13:05 IST" duration-ms="733" status="PASS">
          <params>
            <param index="0">
              <value>
                <![CDATA[[TestResult name=settings_geofence status=SUCCESS method=smoketest_US.settings_geofence()[pri:10, instance:testcase.smoketest_US@59505b48] output={null}]]]>
              </value>
            </param>
          </params>
          <reporter-output>
          </reporter-output>
        </test-method> <!-- teardown -->
        <test-method signature="settings_out_of_hours()[pri:11, instance:testcase.smoketest_US@59505b48]" started-at="2025-03-20T15:13:05 IST" name="settings_out_of_hours" finished-at="2025-03-20T15:13:41 IST" duration-ms="36120" status="PASS">
          <reporter-output>
          </reporter-output>
        </test-method> <!-- settings_out_of_hours -->
        <test-method is-config="true" signature="teardown(org.testng.ITestResult)[pri:0, instance:testcase.smoketest_US@59505b48]" started-at="2025-03-20T15:13:41 IST" name="teardown" finished-at="2025-03-20T15:13:42 IST" duration-ms="752" status="PASS">
          <params>
            <param index="0">
              <value>
                <![CDATA[[TestResult name=settings_out_of_hours status=SUCCESS method=smoketest_US.settings_out_of_hours()[pri:11, instance:testcase.smoketest_US@59505b48] output={null}]]]>
              </value>
            </param>
          </params>
          <reporter-output>
          </reporter-output>
        </test-method> <!-- teardown -->
        <test-method signature="settings_engineerdepature()[pri:12, instance:testcase.smoketest_US@59505b48]" started-at="2025-03-20T15:13:42 IST" name="settings_engineerdepature" finished-at="2025-03-20T15:14:00 IST" duration-ms="18460" status="PASS">
          <reporter-output>
          </reporter-output>
        </test-method> <!-- settings_engineerdepature -->
        <test-method is-config="true" signature="teardown(org.testng.ITestResult)[pri:0, instance:testcase.smoketest_US@59505b48]" started-at="2025-03-20T15:14:00 IST" name="teardown" finished-at="2025-03-20T15:14:01 IST" duration-ms="738" status="PASS">
          <params>
            <param index="0">
              <value>
                <![CDATA[[TestResult name=settings_engineerdepature status=SUCCESS method=smoketest_US.settings_engineerdepature()[pri:12, instance:testcase.smoketest_US@59505b48] output={null}]]]>
              </value>
            </param>
          </params>
          <reporter-output>
          </reporter-output>
        </test-method> <!-- teardown -->
        <test-method signature="settings_late_arrival()[pri:13, instance:testcase.smoketest_US@59505b48]" started-at="2025-03-20T15:14:01 IST" name="settings_late_arrival" finished-at="2025-03-20T15:14:35 IST" duration-ms="34290" status="PASS">
          <reporter-output>
          </reporter-output>
        </test-method> <!-- settings_late_arrival -->
        <test-method is-config="true" signature="teardown(org.testng.ITestResult)[pri:0, instance:testcase.smoketest_US@59505b48]" started-at="2025-03-20T15:14:35 IST" name="teardown" finished-at="2025-03-20T15:14:36 IST" duration-ms="700" status="PASS">
          <params>
            <param index="0">
              <value>
                <![CDATA[[TestResult name=settings_late_arrival status=SUCCESS method=smoketest_US.settings_late_arrival()[pri:13, instance:testcase.smoketest_US@59505b48] output={null}]]]>
              </value>
            </param>
          </params>
          <reporter-output>
          </reporter-output>
        </test-method> <!-- teardown -->
        <test-method signature="addVehicle()[pri:14, instance:testcase.smoketest_US@59505b48]" started-at="2025-03-20T15:14:36 IST" name="addVehicle" finished-at="2025-03-20T15:15:10 IST" duration-ms="34004" status="PASS">
          <reporter-output>
          </reporter-output>
        </test-method> <!-- addVehicle -->
        <test-method is-config="true" signature="teardown(org.testng.ITestResult)[pri:0, instance:testcase.smoketest_US@59505b48]" started-at="2025-03-20T15:15:10 IST" name="teardown" finished-at="2025-03-20T15:15:11 IST" duration-ms="738" status="PASS">
          <params>
            <param index="0">
              <value>
                <![CDATA[[TestResult name=addVehicle status=SUCCESS method=smoketest_US.addVehicle()[pri:14, instance:testcase.smoketest_US@59505b48] output={null}]]]>
              </value>
            </param>
          </params>
          <reporter-output>
          </reporter-output>
        </test-method> <!-- teardown -->
        <test-method signature="deleteVehicle()[pri:15, instance:testcase.smoketest_US@59505b48]" started-at="2025-03-20T15:15:11 IST" name="deleteVehicle" finished-at="2025-03-20T15:15:43 IST" duration-ms="32308" status="PASS">
          <reporter-output>
          </reporter-output>
        </test-method> <!-- deleteVehicle -->
        <test-method is-config="true" signature="teardown(org.testng.ITestResult)[pri:0, instance:testcase.smoketest_US@59505b48]" started-at="2025-03-20T15:15:43 IST" name="teardown" finished-at="2025-03-20T15:15:44 IST" duration-ms="708" status="PASS">
          <params>
            <param index="0">
              <value>
                <![CDATA[[TestResult name=deleteVehicle status=SUCCESS method=smoketest_US.deleteVehicle()[pri:15, instance:testcase.smoketest_US@59505b48] output={null}]]]>
              </value>
            </param>
          </params>
          <reporter-output>
          </reporter-output>
        </test-method> <!-- teardown -->
        <test-method signature="viewVehicle_Timeline()[pri:16, instance:testcase.smoketest_US@59505b48]" started-at="2025-03-20T15:15:44 IST" name="viewVehicle_Timeline" finished-at="2025-03-20T15:16:11 IST" duration-ms="27020" status="PASS">
          <reporter-output>
          </reporter-output>
        </test-method> <!-- viewVehicle_Timeline -->
        <test-method is-config="true" signature="teardown(org.testng.ITestResult)[pri:0, instance:testcase.smoketest_US@59505b48]" started-at="2025-03-20T15:16:11 IST" name="teardown" finished-at="2025-03-20T15:16:11 IST" duration-ms="700" status="PASS">
          <params>
            <param index="0">
              <value>
                <![CDATA[[TestResult name=viewVehicle_Timeline status=SUCCESS method=smoketest_US.viewVehicle_Timeline()[pri:16, instance:testcase.smoketest_US@59505b48] output={null}]]]>
              </value>
            </param>
          </params>
          <reporter-output>
          </reporter-output>
        </test-method> <!-- teardown -->
        <test-method signature="viewVehicle_Maintenance()[pri:17, instance:testcase.smoketest_US@59505b48]" started-at="2025-03-20T15:16:11 IST" name="viewVehicle_Maintenance" finished-at="2025-03-20T15:16:25 IST" duration-ms="13772" status="PASS">
          <reporter-output>
          </reporter-output>
        </test-method> <!-- viewVehicle_Maintenance -->
        <test-method is-config="true" signature="teardown(org.testng.ITestResult)[pri:0, instance:testcase.smoketest_US@59505b48]" started-at="2025-03-20T15:16:25 IST" name="teardown" finished-at="2025-03-20T15:16:26 IST" duration-ms="811" status="PASS">
          <params>
            <param index="0">
              <value>
                <![CDATA[[TestResult name=viewVehicle_Maintenance status=SUCCESS method=smoketest_US.viewVehicle_Maintenance()[pri:17, instance:testcase.smoketest_US@59505b48] output={null}]]]>
              </value>
            </param>
          </params>
          <reporter-output>
          </reporter-output>
        </test-method> <!-- teardown -->
        <test-method signature="viewVehicle_attachfiles()[pri:18, instance:testcase.smoketest_US@59505b48]" started-at="2025-03-20T15:16:26 IST" name="viewVehicle_attachfiles" finished-at="2025-03-20T15:16:49 IST" duration-ms="22597" status="PASS">
          <reporter-output>
          </reporter-output>
        </test-method> <!-- viewVehicle_attachfiles -->
        <test-method is-config="true" signature="teardown(org.testng.ITestResult)[pri:0, instance:testcase.smoketest_US@59505b48]" started-at="2025-03-20T15:16:49 IST" name="teardown" finished-at="2025-03-20T15:16:49 IST" duration-ms="718" status="PASS">
          <params>
            <param index="0">
              <value>
                <![CDATA[[TestResult name=viewVehicle_attachfiles status=SUCCESS method=smoketest_US.viewVehicle_attachfiles()[pri:18, instance:testcase.smoketest_US@59505b48] output={null}]]]>
              </value>
            </param>
          </params>
          <reporter-output>
          </reporter-output>
        </test-method> <!-- teardown -->
        <test-method signature="reminder_list()[pri:23, instance:testcase.smoketest_US@59505b48]" started-at="2025-03-20T15:16:49 IST" name="reminder_list" finished-at="2025-03-20T15:17:04 IST" duration-ms="14727" status="PASS">
          <reporter-output>
          </reporter-output>
        </test-method> <!-- reminder_list -->
        <test-method is-config="true" signature="teardown(org.testng.ITestResult)[pri:0, instance:testcase.smoketest_US@59505b48]" started-at="2025-03-20T15:17:04 IST" name="teardown" finished-at="2025-03-20T15:17:05 IST" duration-ms="793" status="PASS">
          <params>
            <param index="0">
              <value>
                <![CDATA[[TestResult name=reminder_list status=SUCCESS method=smoketest_US.reminder_list()[pri:23, instance:testcase.smoketest_US@59505b48] output={null}]]]>
              </value>
            </param>
          </params>
          <reporter-output>
          </reporter-output>
        </test-method> <!-- teardown -->
        <test-method signature="maintenance_list()[pri:24, instance:testcase.smoketest_US@59505b48]" started-at="2025-03-20T15:17:05 IST" name="maintenance_list" finished-at="2025-03-20T15:17:19 IST" duration-ms="14578" status="PASS">
          <reporter-output>
          </reporter-output>
        </test-method> <!-- maintenance_list -->
        <test-method is-config="true" signature="teardown(org.testng.ITestResult)[pri:0, instance:testcase.smoketest_US@59505b48]" started-at="2025-03-20T15:17:19 IST" name="teardown" finished-at="2025-03-20T15:17:20 IST" duration-ms="675" status="PASS">
          <params>
            <param index="0">
              <value>
                <![CDATA[[TestResult name=maintenance_list status=SUCCESS method=smoketest_US.maintenance_list()[pri:24, instance:testcase.smoketest_US@59505b48] output={null}]]]>
              </value>
            </param>
          </params>
          <reporter-output>
          </reporter-output>
        </test-method> <!-- teardown -->
        <test-method signature="dashboard_validation()[pri:25, instance:testcase.smoketest_US@59505b48]" started-at="2025-03-20T15:17:20 IST" name="dashboard_validation" finished-at="2025-03-20T15:17:27 IST" duration-ms="6580" status="PASS">
          <reporter-output>
          </reporter-output>
        </test-method> <!-- dashboard_validation -->
        <test-method is-config="true" signature="teardown(org.testng.ITestResult)[pri:0, instance:testcase.smoketest_US@59505b48]" started-at="2025-03-20T15:17:27 IST" name="teardown" finished-at="2025-03-20T15:17:27 IST" duration-ms="764" status="PASS">
          <params>
            <param index="0">
              <value>
                <![CDATA[[TestResult name=dashboard_validation status=SUCCESS method=smoketest_US.dashboard_validation()[pri:25, instance:testcase.smoketest_US@59505b48] output={null}]]]>
              </value>
            </param>
          </params>
          <reporter-output>
          </reporter-output>
        </test-method> <!-- teardown -->
        <test-method is-config="true" signature="tearDown()[pri:0, instance:testcase.smoketest_US@59505b48]" started-at="2025-03-20T15:17:27 IST" name="tearDown" finished-at="2025-03-20T15:17:28 IST" duration-ms="955" status="PASS">
          <reporter-output>
          </reporter-output>
        </test-method> <!-- tearDown -->
      </class> <!-- testcase.smoketest_US -->
    </test> <!-- Default test -->
  </suite> <!-- Default suite -->
</testng-results>
