<?xml version="1.0" encoding="UTF-8"?>
<!-- Generated by org.testng.reporters.JUnitReportReporter -->
<testsuite hostname="DESKTOP-91EUGE9" failures="0" tests="25" name="testcase.smoketest" time="784.058" errors="1" timestamp="2025-03-13T10:07:37 IST" skipped="0">
  <testcase classname="testcase.smoketest" name="login" time="12.890"/>
  <system-out/>
  <testcase classname="testcase.smoketest" name="Settings_status" time="36.665"/>
  <system-out/>
  <testcase classname="testcase.smoketest" name="Settings_type" time="34.220"/>
  <system-out/>
  <testcase classname="testcase.smoketest" name="Settings_Make" time="32.690"/>
  <system-out/>
  <testcase classname="testcase.smoketest" name="Settings_Model" time="38.499"/>
  <system-out/>
  <testcase classname="testcase.smoketest" name="Settings_CheckForm" time="73.213"/>
  <system-out/>
  <testcase classname="testcase.smoketest" name="Settings_reminder" time="43.140"/>
  <system-out/>
  <testcase classname="testcase.smoketest" name="Settings_checktemplate" time="26.527"/>
  <system-out/>
  <testcase classname="testcase.smoketest" name="Settings_maintenance" time="49.071"/>
  <system-out/>
  <testcase classname="testcase.smoketest" name="settings_geofence" time="72.222"/>
  <system-out/>
  <testcase classname="testcase.smoketest" name="settings_out_of_hours" time="38.132"/>
  <system-out/>
  <testcase classname="testcase.smoketest" name="settings_engineerdepature" time="19.409"/>
  <system-out/>
  <testcase classname="testcase.smoketest" name="settings_late_arrival" time="38.969"/>
  <system-out/>
  <testcase classname="testcase.smoketest" name="addVehicle" time="44.390"/>
  <system-out/>
  <testcase classname="testcase.smoketest" name="deleteVehicle" time="29.124">
    <error message="stale element reference: stale element not found in the current frame
  (Session info: chrome=134.0.6998.89)
For documentation on this error, please visit: http://seleniumhq.org/exceptions/stale_element_reference.html
Build info: version: &#039;3.14.0&#039;, revision: &#039;aacccce0&#039;, time: &#039;2018-08-02T20:19:58.91Z&#039;
System info: host: &#039;DESKTOP-91EUGE9&#039;, ip: &#039;192.168.100.141&#039;, os.name: &#039;Windows 11&#039;, os.arch: &#039;amd64&#039;, os.version: &#039;10.0&#039;, java.version: &#039;17.0.11&#039;
Driver info: org.openqa.selenium.chrome.ChromeDriver
Capabilities {acceptInsecureCerts: false, browserName: chrome, browserVersion: 134.0.6998.89, chrome: {chromedriverVersion: 134.0.6998.88 (7e3d5c978c6d..., userDataDir: C:\Users\srimaya\AppData\Lo...}, fedcm:accounts: true, goog:chromeOptions: {debuggerAddress: localhost:50758}, javascriptEnabled: true, networkConnectionEnabled: false, pageLoadStrategy: normal, platform: WINDOWS, platformName: WINDOWS, proxy: Proxy(), setWindowRect: true, strictFileInteractability: false, timeouts: {implicit: 0, pageLoad: 300000, script: 30000}, unhandledPromptBehavior: dismiss and notify, webauthn:extension:credBlob: true, webauthn:extension:largeBlob: true, webauthn:extension:minPinLength: true, webauthn:extension:prf: true, webauthn:virtualAuthenticators: true}
Session ID: 62c042717b80ebbf61f540524cb507f8" type="org.openqa.selenium.StaleElementReferenceException">
      <![CDATA[org.openqa.selenium.StaleElementReferenceException: stale element reference: stale element not found in the current frame
  (Session info: chrome=134.0.6998.89)
For documentation on this error, please visit: http://seleniumhq.org/exceptions/stale_element_reference.html
Build info: version: '3.14.0', revision: 'aacccce0', time: '2018-08-02T20:19:58.91Z'
System info: host: 'DESKTOP-91EUGE9', ip: '192.168.100.141', os.name: 'Windows 11', os.arch: 'amd64', os.version: '10.0', java.version: '17.0.11'
Driver info: org.openqa.selenium.chrome.ChromeDriver
Capabilities {acceptInsecureCerts: false, browserName: chrome, browserVersion: 134.0.6998.89, chrome: {chromedriverVersion: 134.0.6998.88 (7e3d5c978c6d..., userDataDir: C:\Users\srimaya\AppData\Lo...}, fedcm:accounts: true, goog:chromeOptions: {debuggerAddress: localhost:50758}, javascriptEnabled: true, networkConnectionEnabled: false, pageLoadStrategy: normal, platform: WINDOWS, platformName: WINDOWS, proxy: Proxy(), setWindowRect: true, strictFileInteractability: false, timeouts: {implicit: 0, pageLoad: 300000, script: 30000}, unhandledPromptBehavior: dismiss and notify, webauthn:extension:credBlob: true, webauthn:extension:largeBlob: true, webauthn:extension:minPinLength: true, webauthn:extension:prf: true, webauthn:virtualAuthenticators: true}
Session ID: 62c042717b80ebbf61f540524cb507f8
at java.base/jdk.internal.reflect.NativeConstructorAccessorImpl.newInstance0(Native Method)
at java.base/jdk.internal.reflect.NativeConstructorAccessorImpl.newInstance(NativeConstructorAccessorImpl.java:77)
at java.base/jdk.internal.reflect.DelegatingConstructorAccessorImpl.newInstance(DelegatingConstructorAccessorImpl.java:45)
at java.base/java.lang.reflect.Constructor.newInstanceWithCaller(Constructor.java:499)
at java.base/java.lang.reflect.Constructor.newInstance(Constructor.java:480)
at org.openqa.selenium.remote.http.W3CHttpResponseCodec.createException(W3CHttpResponseCodec.java:187)
at org.openqa.selenium.remote.http.W3CHttpResponseCodec.decode(W3CHttpResponseCodec.java:122)
at org.openqa.selenium.remote.http.W3CHttpResponseCodec.decode(W3CHttpResponseCodec.java:49)
at org.openqa.selenium.remote.HttpCommandExecutor.execute(HttpCommandExecutor.java:158)
at org.openqa.selenium.remote.service.DriverCommandExecutor.execute(DriverCommandExecutor.java:83)
at org.openqa.selenium.remote.RemoteWebDriver.execute(RemoteWebDriver.java:548)
at org.openqa.selenium.remote.RemoteWebElement.execute(RemoteWebElement.java:276)
at org.openqa.selenium.remote.RemoteWebElement.click(RemoteWebElement.java:83)
at action.wrapper.click(wrapper.java:110)
at testcase.smoketest.deleteVehicle(smoketest.java:1059)
at java.base/jdk.internal.reflect.NativeMethodAccessorImpl.invoke0(Native Method)
at java.base/jdk.internal.reflect.NativeMethodAccessorImpl.invoke(NativeMethodAccessorImpl.java:77)
at java.base/jdk.internal.reflect.DelegatingMethodAccessorImpl.invoke(DelegatingMethodAccessorImpl.java:43)
at java.base/java.lang.reflect.Method.invoke(Method.java:568)
at org.testng.internal.MethodInvocationHelper.invokeMethod(MethodInvocationHelper.java:134)
at org.testng.internal.TestInvoker.invokeMethod(TestInvoker.java:597)
at org.testng.internal.TestInvoker.invokeTestMethod(TestInvoker.java:173)
at org.testng.internal.MethodRunner.runInSequence(MethodRunner.java:46)
at org.testng.internal.TestInvoker$MethodInvocationAgent.invoke(TestInvoker.java:816)
at org.testng.internal.TestInvoker.invokeTestMethods(TestInvoker.java:146)
at org.testng.internal.TestMethodWorker.invokeTestMethods(TestMethodWorker.java:146)
at org.testng.internal.TestMethodWorker.run(TestMethodWorker.java:128)
at java.base/java.util.ArrayList.forEach(ArrayList.java:1511)
at org.testng.TestRunner.privateRun(TestRunner.java:766)
at org.testng.TestRunner.run(TestRunner.java:587)
at org.testng.SuiteRunner.runTest(SuiteRunner.java:384)
at org.testng.SuiteRunner.runSequentially(SuiteRunner.java:378)
at org.testng.SuiteRunner.privateRun(SuiteRunner.java:337)
at org.testng.SuiteRunner.run(SuiteRunner.java:286)
at org.testng.SuiteRunnerWorker.runSuite(SuiteRunnerWorker.java:53)
at org.testng.SuiteRunnerWorker.run(SuiteRunnerWorker.java:96)
at org.testng.TestNG.runSuitesSequentially(TestNG.java:1187)
at org.testng.TestNG.runSuitesLocally(TestNG.java:1109)
at org.testng.TestNG.runSuites(TestNG.java:1039)
at org.testng.TestNG.run(TestNG.java:1007)
at org.testng.remote.AbstractRemoteTestNG.run(AbstractRemoteTestNG.java:115)
at org.testng.remote.RemoteTestNG.initAndRun(RemoteTestNG.java:293)
at org.testng.remote.RemoteTestNG.main(RemoteTestNG.java:91)
]]>
    </error>
  </testcase> <!-- deleteVehicle -->
  <system-out/>
  <testcase classname="testcase.smoketest" name="viewVehicle_Timeline" time="28.508"/>
  <system-out/>
  <testcase classname="testcase.smoketest" name="viewVehicle_Maintenance" time="14.632"/>
  <system-out/>
  <testcase classname="testcase.smoketest" name="viewVehicle_driverhistory" time="13.561"/>
  <system-out/>
  <testcase classname="testcase.smoketest" name="viewVehicle_attachfiles" time="24.345"/>
  <system-out/>
  <testcase classname="testcase.smoketest" name="viewVehicle_trips" time="20.676"/>
  <system-out/>
  <testcase classname="testcase.smoketest" name="Livemap" time="34.105"/>
  <system-out/>
  <testcase classname="testcase.smoketest" name="recent_trip" time="16.000"/>
  <system-out/>
  <testcase classname="testcase.smoketest" name="reminder_list" time="17.094"/>
  <system-out/>
  <testcase classname="testcase.smoketest" name="maintenance_list" time="18.188"/>
  <system-out/>
  <testcase classname="testcase.smoketest" name="dashboard_validation" time="7.788"/>
  <system-out/>
</testsuite> <!-- testcase.smoketest -->
