<?xml version="1.0" encoding="UTF-8"?>
<testng-results ignored="0" total="25" passed="24" failed="1" skipped="0">
  <reporter-output>
  </reporter-output>
  <suite started-at="2025-03-13T09:54:05 IST" name="Default suite" finished-at="2025-03-13T10:07:36 IST" duration-ms="811167">
    <groups>
    </groups>
    <test started-at="2025-03-13T09:54:05 IST" name="Default test" finished-at="2025-03-13T10:07:36 IST" duration-ms="811167">
      <class name="testcase.smoketest">
        <test-method is-config="true" signature="initial()[pri:0, instance:testcase.smoketest@506ae4d4]" started-at="2025-03-13T09:54:04 IST" name="initial" finished-at="2025-03-13T09:54:05 IST" duration-ms="179" status="PASS">
          <reporter-output>
          </reporter-output>
        </test-method> <!-- initial -->
        <test-method is-config="true" signature="setup()[pri:0, instance:testcase.smoketest@506ae4d4]" started-at="2025-03-13T09:54:05 IST" name="setup" finished-at="2025-03-13T09:54:32 IST" duration-ms="26979" status="PASS">
          <reporter-output>
          </reporter-output>
        </test-method> <!-- setup -->
        <test-method signature="login()[pri:1, instance:testcase.smoketest@506ae4d4]" started-at="2025-03-13T09:54:32 IST" name="login" finished-at="2025-03-13T09:54:43 IST" duration-ms="11604" status="PASS">
          <reporter-output>
          </reporter-output>
        </test-method> <!-- login -->
        <test-method is-config="true" signature="teardown(org.testng.ITestResult)[pri:0, instance:testcase.smoketest@506ae4d4]" started-at="2025-03-13T09:54:43 IST" name="teardown" finished-at="2025-03-13T09:54:44 IST" duration-ms="826" status="PASS">
          <params>
            <param index="0">
              <value>
                <![CDATA[[TestResult name=login status=SUCCESS method=smoketest.login()[pri:1, instance:testcase.smoketest@506ae4d4] output={null}]]]>
              </value>
            </param>
          </params>
          <reporter-output>
          </reporter-output>
        </test-method> <!-- teardown -->
        <test-method signature="Settings_status()[pri:2, instance:testcase.smoketest@506ae4d4]" started-at="2025-03-13T09:54:44 IST" name="Settings_status" finished-at="2025-03-13T09:55:20 IST" duration-ms="35818" status="PASS">
          <reporter-output>
          </reporter-output>
        </test-method> <!-- Settings_status -->
        <test-method is-config="true" signature="teardown(org.testng.ITestResult)[pri:0, instance:testcase.smoketest@506ae4d4]" started-at="2025-03-13T09:55:20 IST" name="teardown" finished-at="2025-03-13T09:55:21 IST" duration-ms="790" status="PASS">
          <params>
            <param index="0">
              <value>
                <![CDATA[[TestResult name=Settings_status status=SUCCESS method=smoketest.Settings_status()[pri:2, instance:testcase.smoketest@506ae4d4] output={null}]]]>
              </value>
            </param>
          </params>
          <reporter-output>
          </reporter-output>
        </test-method> <!-- teardown -->
        <test-method signature="Settings_type()[pri:3, instance:testcase.smoketest@506ae4d4]" started-at="2025-03-13T09:55:21 IST" name="Settings_type" finished-at="2025-03-13T09:55:52 IST" duration-ms="31730" status="PASS">
          <reporter-output>
          </reporter-output>
        </test-method> <!-- Settings_type -->
        <test-method is-config="true" signature="teardown(org.testng.ITestResult)[pri:0, instance:testcase.smoketest@506ae4d4]" started-at="2025-03-13T09:55:52 IST" name="teardown" finished-at="2025-03-13T09:55:53 IST" duration-ms="714" status="PASS">
          <params>
            <param index="0">
              <value>
                <![CDATA[[TestResult name=Settings_type status=SUCCESS method=smoketest.Settings_type()[pri:3, instance:testcase.smoketest@506ae4d4] output={null}]]]>
              </value>
            </param>
          </params>
          <reporter-output>
          </reporter-output>
        </test-method> <!-- teardown -->
        <test-method signature="Settings_Make()[pri:4, instance:testcase.smoketest@506ae4d4]" started-at="2025-03-13T09:55:53 IST" name="Settings_Make" finished-at="2025-03-13T09:56:25 IST" duration-ms="31969" status="PASS">
          <reporter-output>
          </reporter-output>
        </test-method> <!-- Settings_Make -->
        <test-method is-config="true" signature="teardown(org.testng.ITestResult)[pri:0, instance:testcase.smoketest@506ae4d4]" started-at="2025-03-13T09:56:25 IST" name="teardown" finished-at="2025-03-13T09:56:26 IST" duration-ms="847" status="PASS">
          <params>
            <param index="0">
              <value>
                <![CDATA[[TestResult name=Settings_Make status=SUCCESS method=smoketest.Settings_Make()[pri:4, instance:testcase.smoketest@506ae4d4] output={null}]]]>
              </value>
            </param>
          </params>
          <reporter-output>
          </reporter-output>
        </test-method> <!-- teardown -->
        <test-method signature="Settings_Model()[pri:5, instance:testcase.smoketest@506ae4d4]" started-at="2025-03-13T09:56:26 IST" name="Settings_Model" finished-at="2025-03-13T09:57:04 IST" duration-ms="37709" status="PASS">
          <reporter-output>
          </reporter-output>
        </test-method> <!-- Settings_Model -->
        <test-method is-config="true" signature="teardown(org.testng.ITestResult)[pri:0, instance:testcase.smoketest@506ae4d4]" started-at="2025-03-13T09:57:04 IST" name="teardown" finished-at="2025-03-13T09:57:05 IST" duration-ms="983" status="PASS">
          <params>
            <param index="0">
              <value>
                <![CDATA[[TestResult name=Settings_Model status=SUCCESS method=smoketest.Settings_Model()[pri:5, instance:testcase.smoketest@506ae4d4] output={null}]]]>
              </value>
            </param>
          </params>
          <reporter-output>
          </reporter-output>
        </test-method> <!-- teardown -->
        <test-method signature="Settings_CheckForm()[pri:6, instance:testcase.smoketest@506ae4d4]" started-at="2025-03-13T09:57:05 IST" name="Settings_CheckForm" finished-at="2025-03-13T09:58:17 IST" duration-ms="72045" status="PASS">
          <reporter-output>
          </reporter-output>
        </test-method> <!-- Settings_CheckForm -->
        <test-method is-config="true" signature="teardown(org.testng.ITestResult)[pri:0, instance:testcase.smoketest@506ae4d4]" started-at="2025-03-13T09:58:17 IST" name="teardown" finished-at="2025-03-13T09:58:17 IST" duration-ms="774" status="PASS">
          <params>
            <param index="0">
              <value>
                <![CDATA[[TestResult name=Settings_CheckForm status=SUCCESS method=smoketest.Settings_CheckForm()[pri:6, instance:testcase.smoketest@506ae4d4] output={null}]]]>
              </value>
            </param>
          </params>
          <reporter-output>
          </reporter-output>
        </test-method> <!-- teardown -->
        <test-method signature="Settings_reminder()[pri:7, instance:testcase.smoketest@506ae4d4]" started-at="2025-03-13T09:58:17 IST" name="Settings_reminder" finished-at="2025-03-13T09:59:00 IST" duration-ms="42374" status="PASS">
          <reporter-output>
          </reporter-output>
        </test-method> <!-- Settings_reminder -->
        <test-method is-config="true" signature="teardown(org.testng.ITestResult)[pri:0, instance:testcase.smoketest@506ae4d4]" started-at="2025-03-13T09:59:00 IST" name="teardown" finished-at="2025-03-13T09:59:01 IST" duration-ms="858" status="PASS">
          <params>
            <param index="0">
              <value>
                <![CDATA[[TestResult name=Settings_reminder status=SUCCESS method=smoketest.Settings_reminder()[pri:7, instance:testcase.smoketest@506ae4d4] output={null}]]]>
              </value>
            </param>
          </params>
          <reporter-output>
          </reporter-output>
        </test-method> <!-- teardown -->
        <test-method signature="Settings_checktemplate()[pri:8, instance:testcase.smoketest@506ae4d4]" started-at="2025-03-13T09:59:01 IST" name="Settings_checktemplate" finished-at="2025-03-13T09:59:26 IST" duration-ms="25544" status="PASS">
          <reporter-output>
          </reporter-output>
        </test-method> <!-- Settings_checktemplate -->
        <test-method is-config="true" signature="teardown(org.testng.ITestResult)[pri:0, instance:testcase.smoketest@506ae4d4]" started-at="2025-03-13T09:59:26 IST" name="teardown" finished-at="2025-03-13T09:59:27 IST" duration-ms="1084" status="PASS">
          <params>
            <param index="0">
              <value>
                <![CDATA[[TestResult name=Settings_checktemplate status=SUCCESS method=smoketest.Settings_checktemplate()[pri:8, instance:testcase.smoketest@506ae4d4] output={null}]]]>
              </value>
            </param>
          </params>
          <reporter-output>
          </reporter-output>
        </test-method> <!-- teardown -->
        <test-method signature="Settings_maintenance()[pri:9, instance:testcase.smoketest@506ae4d4]" started-at="2025-03-13T09:59:27 IST" name="Settings_maintenance" finished-at="2025-03-13T10:00:16 IST" duration-ms="48333" status="PASS">
          <reporter-output>
          </reporter-output>
        </test-method> <!-- Settings_maintenance -->
        <test-method is-config="true" signature="teardown(org.testng.ITestResult)[pri:0, instance:testcase.smoketest@506ae4d4]" started-at="2025-03-13T10:00:16 IST" name="teardown" finished-at="2025-03-13T10:00:17 IST" duration-ms="1727" status="PASS">
          <params>
            <param index="0">
              <value>
                <![CDATA[[TestResult name=Settings_maintenance status=SUCCESS method=smoketest.Settings_maintenance()[pri:9, instance:testcase.smoketest@506ae4d4] output={null}]]]>
              </value>
            </param>
          </params>
          <reporter-output>
          </reporter-output>
        </test-method> <!-- teardown -->
        <test-method signature="settings_geofence()[pri:10, instance:testcase.smoketest@506ae4d4]" started-at="2025-03-13T10:00:17 IST" name="settings_geofence" finished-at="2025-03-13T10:01:29 IST" duration-ms="71430" status="PASS">
          <reporter-output>
          </reporter-output>
        </test-method> <!-- settings_geofence -->
        <test-method is-config="true" signature="teardown(org.testng.ITestResult)[pri:0, instance:testcase.smoketest@506ae4d4]" started-at="2025-03-13T10:01:29 IST" name="teardown" finished-at="2025-03-13T10:01:30 IST" duration-ms="1286" status="PASS">
          <params>
            <param index="0">
              <value>
                <![CDATA[[TestResult name=settings_geofence status=SUCCESS method=smoketest.settings_geofence()[pri:10, instance:testcase.smoketest@506ae4d4] output={null}]]]>
              </value>
            </param>
          </params>
          <reporter-output>
          </reporter-output>
        </test-method> <!-- teardown -->
        <test-method signature="settings_out_of_hours()[pri:11, instance:testcase.smoketest@506ae4d4]" started-at="2025-03-13T10:01:30 IST" name="settings_out_of_hours" finished-at="2025-03-13T10:02:07 IST" duration-ms="37137" status="PASS">
          <reporter-output>
          </reporter-output>
        </test-method> <!-- settings_out_of_hours -->
        <test-method is-config="true" signature="teardown(org.testng.ITestResult)[pri:0, instance:testcase.smoketest@506ae4d4]" started-at="2025-03-13T10:02:07 IST" name="teardown" finished-at="2025-03-13T10:02:08 IST" duration-ms="779" status="PASS">
          <params>
            <param index="0">
              <value>
                <![CDATA[[TestResult name=settings_out_of_hours status=SUCCESS method=smoketest.settings_out_of_hours()[pri:11, instance:testcase.smoketest@506ae4d4] output={null}]]]>
              </value>
            </param>
          </params>
          <reporter-output>
          </reporter-output>
        </test-method> <!-- teardown -->
        <test-method signature="settings_engineerdepature()[pri:12, instance:testcase.smoketest@506ae4d4]" started-at="2025-03-13T10:02:08 IST" name="settings_engineerdepature" finished-at="2025-03-13T10:02:27 IST" duration-ms="18583" status="PASS">
          <reporter-output>
          </reporter-output>
        </test-method> <!-- settings_engineerdepature -->
        <test-method is-config="true" signature="teardown(org.testng.ITestResult)[pri:0, instance:testcase.smoketest@506ae4d4]" started-at="2025-03-13T10:02:27 IST" name="teardown" finished-at="2025-03-13T10:02:27 IST" duration-ms="729" status="PASS">
          <params>
            <param index="0">
              <value>
                <![CDATA[[TestResult name=settings_engineerdepature status=SUCCESS method=smoketest.settings_engineerdepature()[pri:12, instance:testcase.smoketest@506ae4d4] output={null}]]]>
              </value>
            </param>
          </params>
          <reporter-output>
          </reporter-output>
        </test-method> <!-- teardown -->
        <test-method signature="settings_late_arrival()[pri:13, instance:testcase.smoketest@506ae4d4]" started-at="2025-03-13T10:02:27 IST" name="settings_late_arrival" finished-at="2025-03-13T10:03:04 IST" duration-ms="37105" status="PASS">
          <reporter-output>
          </reporter-output>
        </test-method> <!-- settings_late_arrival -->
        <test-method is-config="true" signature="teardown(org.testng.ITestResult)[pri:0, instance:testcase.smoketest@506ae4d4]" started-at="2025-03-13T10:03:04 IST" name="teardown" finished-at="2025-03-13T10:03:05 IST" duration-ms="943" status="PASS">
          <params>
            <param index="0">
              <value>
                <![CDATA[[TestResult name=settings_late_arrival status=SUCCESS method=smoketest.settings_late_arrival()[pri:13, instance:testcase.smoketest@506ae4d4] output={null}]]]>
              </value>
            </param>
          </params>
          <reporter-output>
          </reporter-output>
        </test-method> <!-- teardown -->
        <test-method signature="addVehicle()[pri:14, instance:testcase.smoketest@506ae4d4]" started-at="2025-03-13T10:03:05 IST" name="addVehicle" finished-at="2025-03-13T10:03:49 IST" duration-ms="43306" status="PASS">
          <reporter-output>
          </reporter-output>
        </test-method> <!-- addVehicle -->
        <test-method is-config="true" signature="teardown(org.testng.ITestResult)[pri:0, instance:testcase.smoketest@506ae4d4]" started-at="2025-03-13T10:03:49 IST" name="teardown" finished-at="2025-03-13T10:03:51 IST" duration-ms="2490" status="PASS">
          <params>
            <param index="0">
              <value>
                <![CDATA[[TestResult name=addVehicle status=SUCCESS method=smoketest.addVehicle()[pri:14, instance:testcase.smoketest@506ae4d4] output={null}]]]>
              </value>
            </param>
          </params>
          <reporter-output>
          </reporter-output>
        </test-method> <!-- teardown -->
        <test-method signature="deleteVehicle()[pri:15, instance:testcase.smoketest@506ae4d4]" started-at="2025-03-13T10:03:51 IST" name="deleteVehicle" finished-at="2025-03-13T10:04:20 IST" duration-ms="28358" status="FAIL">
          <exception class="org.openqa.selenium.StaleElementReferenceException">
            <message>
              <![CDATA[stale element reference: stale element not found in the current frame
  (Session info: chrome=134.0.6998.89)
For documentation on this error, please visit: http://seleniumhq.org/exceptions/stale_element_reference.html
Build info: version: '3.14.0', revision: 'aacccce0', time: '2018-08-02T20:19:58.91Z'
System info: host: 'DESKTOP-91EUGE9', ip: '192.168.100.141', os.name: 'Windows 11', os.arch: 'amd64', os.version: '10.0', java.version: '17.0.11'
Driver info: org.openqa.selenium.chrome.ChromeDriver
Capabilities {acceptInsecureCerts: false, browserName: chrome, browserVersion: 134.0.6998.89, chrome: {chromedriverVersion: 134.0.6998.88 (7e3d5c978c6d..., userDataDir: C:\Users\srimaya\AppData\Lo...}, fedcm:accounts: true, goog:chromeOptions: {debuggerAddress: localhost:50758}, javascriptEnabled: true, networkConnectionEnabled: false, pageLoadStrategy: normal, platform: WINDOWS, platformName: WINDOWS, proxy: Proxy(), setWindowRect: true, strictFileInteractability: false, timeouts: {implicit: 0, pageLoad: 300000, script: 30000}, unhandledPromptBehavior: dismiss and notify, webauthn:extension:credBlob: true, webauthn:extension:largeBlob: true, webauthn:extension:minPinLength: true, webauthn:extension:prf: true, webauthn:virtualAuthenticators: true}
Session ID: 62c042717b80ebbf61f540524cb507f8]]>
            </message>
            <full-stacktrace>
              <![CDATA[org.openqa.selenium.StaleElementReferenceException: stale element reference: stale element not found in the current frame
  (Session info: chrome=134.0.6998.89)
For documentation on this error, please visit: http://seleniumhq.org/exceptions/stale_element_reference.html
Build info: version: '3.14.0', revision: 'aacccce0', time: '2018-08-02T20:19:58.91Z'
System info: host: 'DESKTOP-91EUGE9', ip: '192.168.100.141', os.name: 'Windows 11', os.arch: 'amd64', os.version: '10.0', java.version: '17.0.11'
Driver info: org.openqa.selenium.chrome.ChromeDriver
Capabilities {acceptInsecureCerts: false, browserName: chrome, browserVersion: 134.0.6998.89, chrome: {chromedriverVersion: 134.0.6998.88 (7e3d5c978c6d..., userDataDir: C:\Users\srimaya\AppData\Lo...}, fedcm:accounts: true, goog:chromeOptions: {debuggerAddress: localhost:50758}, javascriptEnabled: true, networkConnectionEnabled: false, pageLoadStrategy: normal, platform: WINDOWS, platformName: WINDOWS, proxy: Proxy(), setWindowRect: true, strictFileInteractability: false, timeouts: {implicit: 0, pageLoad: 300000, script: 30000}, unhandledPromptBehavior: dismiss and notify, webauthn:extension:credBlob: true, webauthn:extension:largeBlob: true, webauthn:extension:minPinLength: true, webauthn:extension:prf: true, webauthn:virtualAuthenticators: true}
Session ID: 62c042717b80ebbf61f540524cb507f8
at java.base/jdk.internal.reflect.NativeConstructorAccessorImpl.newInstance0(Native Method)
at java.base/jdk.internal.reflect.NativeConstructorAccessorImpl.newInstance(NativeConstructorAccessorImpl.java:77)
at java.base/jdk.internal.reflect.DelegatingConstructorAccessorImpl.newInstance(DelegatingConstructorAccessorImpl.java:45)
at java.base/java.lang.reflect.Constructor.newInstanceWithCaller(Constructor.java:499)
at java.base/java.lang.reflect.Constructor.newInstance(Constructor.java:480)
at org.openqa.selenium.remote.http.W3CHttpResponseCodec.createException(W3CHttpResponseCodec.java:187)
at org.openqa.selenium.remote.http.W3CHttpResponseCodec.decode(W3CHttpResponseCodec.java:122)
at org.openqa.selenium.remote.http.W3CHttpResponseCodec.decode(W3CHttpResponseCodec.java:49)
at org.openqa.selenium.remote.HttpCommandExecutor.execute(HttpCommandExecutor.java:158)
at org.openqa.selenium.remote.service.DriverCommandExecutor.execute(DriverCommandExecutor.java:83)
at org.openqa.selenium.remote.RemoteWebDriver.execute(RemoteWebDriver.java:548)
at org.openqa.selenium.remote.RemoteWebElement.execute(RemoteWebElement.java:276)
at org.openqa.selenium.remote.RemoteWebElement.click(RemoteWebElement.java:83)
at action.wrapper.click(wrapper.java:110)
at testcase.smoketest.deleteVehicle(smoketest.java:1059)
at java.base/jdk.internal.reflect.NativeMethodAccessorImpl.invoke0(Native Method)
at java.base/jdk.internal.reflect.NativeMethodAccessorImpl.invoke(NativeMethodAccessorImpl.java:77)
at java.base/jdk.internal.reflect.DelegatingMethodAccessorImpl.invoke(DelegatingMethodAccessorImpl.java:43)
at java.base/java.lang.reflect.Method.invoke(Method.java:568)
at org.testng.internal.MethodInvocationHelper.invokeMethod(MethodInvocationHelper.java:134)
at org.testng.internal.TestInvoker.invokeMethod(TestInvoker.java:597)
at org.testng.internal.TestInvoker.invokeTestMethod(TestInvoker.java:173)
at org.testng.internal.MethodRunner.runInSequence(MethodRunner.java:46)
at org.testng.internal.TestInvoker$MethodInvocationAgent.invoke(TestInvoker.java:816)
at org.testng.internal.TestInvoker.invokeTestMethods(TestInvoker.java:146)
at org.testng.internal.TestMethodWorker.invokeTestMethods(TestMethodWorker.java:146)
at org.testng.internal.TestMethodWorker.run(TestMethodWorker.java:128)
at java.base/java.util.ArrayList.forEach(ArrayList.java:1511)
at org.testng.TestRunner.privateRun(TestRunner.java:766)
at org.testng.TestRunner.run(TestRunner.java:587)
at org.testng.SuiteRunner.runTest(SuiteRunner.java:384)
at org.testng.SuiteRunner.runSequentially(SuiteRunner.java:378)
at org.testng.SuiteRunner.privateRun(SuiteRunner.java:337)
at org.testng.SuiteRunner.run(SuiteRunner.java:286)
at org.testng.SuiteRunnerWorker.runSuite(SuiteRunnerWorker.java:53)
at org.testng.SuiteRunnerWorker.run(SuiteRunnerWorker.java:96)
at org.testng.TestNG.runSuitesSequentially(TestNG.java:1187)
at org.testng.TestNG.runSuitesLocally(TestNG.java:1109)
at org.testng.TestNG.runSuites(TestNG.java:1039)
at org.testng.TestNG.run(TestNG.java:1007)
at org.testng.remote.AbstractRemoteTestNG.run(AbstractRemoteTestNG.java:115)
at org.testng.remote.RemoteTestNG.initAndRun(RemoteTestNG.java:293)
at org.testng.remote.RemoteTestNG.main(RemoteTestNG.java:91)
]]>
            </full-stacktrace>
          </exception> <!-- org.openqa.selenium.StaleElementReferenceException -->
          <reporter-output>
          </reporter-output>
        </test-method> <!-- deleteVehicle -->
        <test-method is-config="true" signature="teardown(org.testng.ITestResult)[pri:0, instance:testcase.smoketest@506ae4d4]" started-at="2025-03-13T10:04:20 IST" name="teardown" finished-at="2025-03-13T10:04:21 IST" duration-ms="995" status="PASS">
          <params>
            <param index="0">
              <value>
                <![CDATA[[TestResult name=deleteVehicle status=FAILURE method=smoketest.deleteVehicle()[pri:15, instance:testcase.smoketest@506ae4d4] output={null}]]]>
              </value>
            </param>
          </params>
          <reporter-output>
          </reporter-output>
        </test-method> <!-- teardown -->
        <test-method signature="viewVehicle_Timeline()[pri:16, instance:testcase.smoketest@506ae4d4]" started-at="2025-03-13T10:04:21 IST" name="viewVehicle_Timeline" finished-at="2025-03-13T10:04:48 IST" duration-ms="27779" status="PASS">
          <reporter-output>
          </reporter-output>
        </test-method> <!-- viewVehicle_Timeline -->
        <test-method is-config="true" signature="teardown(org.testng.ITestResult)[pri:0, instance:testcase.smoketest@506ae4d4]" started-at="2025-03-13T10:04:48 IST" name="teardown" finished-at="2025-03-13T10:04:49 IST" duration-ms="721" status="PASS">
          <params>
            <param index="0">
              <value>
                <![CDATA[[TestResult name=viewVehicle_Timeline status=SUCCESS method=smoketest.viewVehicle_Timeline()[pri:16, instance:testcase.smoketest@506ae4d4] output={null}]]]>
              </value>
            </param>
          </params>
          <reporter-output>
          </reporter-output>
        </test-method> <!-- teardown -->
        <test-method signature="viewVehicle_Maintenance()[pri:17, instance:testcase.smoketest@506ae4d4]" started-at="2025-03-13T10:04:49 IST" name="viewVehicle_Maintenance" finished-at="2025-03-13T10:05:03 IST" duration-ms="13918" status="PASS">
          <reporter-output>
          </reporter-output>
        </test-method> <!-- viewVehicle_Maintenance -->
        <test-method is-config="true" signature="teardown(org.testng.ITestResult)[pri:0, instance:testcase.smoketest@506ae4d4]" started-at="2025-03-13T10:05:03 IST" name="teardown" finished-at="2025-03-13T10:05:04 IST" duration-ms="752" status="PASS">
          <params>
            <param index="0">
              <value>
                <![CDATA[[TestResult name=viewVehicle_Maintenance status=SUCCESS method=smoketest.viewVehicle_Maintenance()[pri:17, instance:testcase.smoketest@506ae4d4] output={null}]]]>
              </value>
            </param>
          </params>
          <reporter-output>
          </reporter-output>
        </test-method> <!-- teardown -->
        <test-method signature="viewVehicle_driverhistory()[pri:17, instance:testcase.smoketest@506ae4d4]" started-at="2025-03-13T10:05:04 IST" name="viewVehicle_driverhistory" finished-at="2025-03-13T10:05:16 IST" duration-ms="12787" status="PASS">
          <reporter-output>
          </reporter-output>
        </test-method> <!-- viewVehicle_driverhistory -->
        <test-method is-config="true" signature="teardown(org.testng.ITestResult)[pri:0, instance:testcase.smoketest@506ae4d4]" started-at="2025-03-13T10:05:16 IST" name="teardown" finished-at="2025-03-13T10:05:18 IST" duration-ms="1168" status="PASS">
          <params>
            <param index="0">
              <value>
                <![CDATA[[TestResult name=viewVehicle_driverhistory status=SUCCESS method=smoketest.viewVehicle_driverhistory()[pri:17, instance:testcase.smoketest@506ae4d4] output={null}]]]>
              </value>
            </param>
          </params>
          <reporter-output>
          </reporter-output>
        </test-method> <!-- teardown -->
        <test-method signature="viewVehicle_attachfiles()[pri:18, instance:testcase.smoketest@506ae4d4]" started-at="2025-03-13T10:05:18 IST" name="viewVehicle_attachfiles" finished-at="2025-03-13T10:05:41 IST" duration-ms="23566" status="PASS">
          <reporter-output>
          </reporter-output>
        </test-method> <!-- viewVehicle_attachfiles -->
        <test-method is-config="true" signature="teardown(org.testng.ITestResult)[pri:0, instance:testcase.smoketest@506ae4d4]" started-at="2025-03-13T10:05:41 IST" name="teardown" finished-at="2025-03-13T10:05:42 IST" duration-ms="705" status="PASS">
          <params>
            <param index="0">
              <value>
                <![CDATA[[TestResult name=viewVehicle_attachfiles status=SUCCESS method=smoketest.viewVehicle_attachfiles()[pri:18, instance:testcase.smoketest@506ae4d4] output={null}]]]>
              </value>
            </param>
          </params>
          <reporter-output>
          </reporter-output>
        </test-method> <!-- teardown -->
        <test-method signature="viewVehicle_trips()[pri:20, instance:testcase.smoketest@506ae4d4]" started-at="2025-03-13T10:05:42 IST" name="viewVehicle_trips" finished-at="2025-03-13T10:06:02 IST" duration-ms="19924" status="PASS">
          <reporter-output>
          </reporter-output>
        </test-method> <!-- viewVehicle_trips -->
        <test-method is-config="true" signature="teardown(org.testng.ITestResult)[pri:0, instance:testcase.smoketest@506ae4d4]" started-at="2025-03-13T10:06:02 IST" name="teardown" finished-at="2025-03-13T10:06:04 IST" duration-ms="1864" status="PASS">
          <params>
            <param index="0">
              <value>
                <![CDATA[[TestResult name=viewVehicle_trips status=SUCCESS method=smoketest.viewVehicle_trips()[pri:20, instance:testcase.smoketest@506ae4d4] output={null}]]]>
              </value>
            </param>
          </params>
          <reporter-output>
          </reporter-output>
        </test-method> <!-- teardown -->
        <test-method signature="Livemap()[pri:21, instance:testcase.smoketest@506ae4d4]" started-at="2025-03-13T10:06:04 IST" name="Livemap" finished-at="2025-03-13T10:06:36 IST" duration-ms="32378" status="PASS">
          <reporter-output>
          </reporter-output>
        </test-method> <!-- Livemap -->
        <test-method is-config="true" signature="teardown(org.testng.ITestResult)[pri:0, instance:testcase.smoketest@506ae4d4]" started-at="2025-03-13T10:06:36 IST" name="teardown" finished-at="2025-03-13T10:06:37 IST" duration-ms="1054" status="PASS">
          <params>
            <param index="0">
              <value>
                <![CDATA[[TestResult name=Livemap status=SUCCESS method=smoketest.Livemap()[pri:21, instance:testcase.smoketest@506ae4d4] output={null}]]]>
              </value>
            </param>
          </params>
          <reporter-output>
          </reporter-output>
        </test-method> <!-- teardown -->
        <test-method signature="recent_trip()[pri:22, instance:testcase.smoketest@506ae4d4]" started-at="2025-03-13T10:06:37 IST" name="recent_trip" finished-at="2025-03-13T10:06:52 IST" duration-ms="15057" status="PASS">
          <reporter-output>
          </reporter-output>
        </test-method> <!-- recent_trip -->
        <test-method is-config="true" signature="teardown(org.testng.ITestResult)[pri:0, instance:testcase.smoketest@506ae4d4]" started-at="2025-03-13T10:06:52 IST" name="teardown" finished-at="2025-03-13T10:06:53 IST" duration-ms="766" status="PASS">
          <params>
            <param index="0">
              <value>
                <![CDATA[[TestResult name=recent_trip status=SUCCESS method=smoketest.recent_trip()[pri:22, instance:testcase.smoketest@506ae4d4] output={null}]]]>
              </value>
            </param>
          </params>
          <reporter-output>
          </reporter-output>
        </test-method> <!-- teardown -->
        <test-method signature="reminder_list()[pri:23, instance:testcase.smoketest@506ae4d4]" started-at="2025-03-13T10:06:53 IST" name="reminder_list" finished-at="2025-03-13T10:07:09 IST" duration-ms="16389" status="PASS">
          <reporter-output>
          </reporter-output>
        </test-method> <!-- reminder_list -->
        <test-method is-config="true" signature="teardown(org.testng.ITestResult)[pri:0, instance:testcase.smoketest@506ae4d4]" started-at="2025-03-13T10:07:09 IST" name="teardown" finished-at="2025-03-13T10:07:10 IST" duration-ms="738" status="PASS">
          <params>
            <param index="0">
              <value>
                <![CDATA[[TestResult name=reminder_list status=SUCCESS method=smoketest.reminder_list()[pri:23, instance:testcase.smoketest@506ae4d4] output={null}]]]>
              </value>
            </param>
          </params>
          <reporter-output>
          </reporter-output>
        </test-method> <!-- teardown -->
        <test-method signature="maintenance_list()[pri:24, instance:testcase.smoketest@506ae4d4]" started-at="2025-03-13T10:07:10 IST" name="maintenance_list" finished-at="2025-03-13T10:07:27 IST" duration-ms="17330" status="PASS">
          <reporter-output>
          </reporter-output>
        </test-method> <!-- maintenance_list -->
        <test-method is-config="true" signature="teardown(org.testng.ITestResult)[pri:0, instance:testcase.smoketest@506ae4d4]" started-at="2025-03-13T10:07:27 IST" name="teardown" finished-at="2025-03-13T10:07:28 IST" duration-ms="792" status="PASS">
          <params>
            <param index="0">
              <value>
                <![CDATA[[TestResult name=maintenance_list status=SUCCESS method=smoketest.maintenance_list()[pri:24, instance:testcase.smoketest@506ae4d4] output={null}]]]>
              </value>
            </param>
          </params>
          <reporter-output>
          </reporter-output>
        </test-method> <!-- teardown -->
        <test-method signature="dashboard_validation()[pri:25, instance:testcase.smoketest@506ae4d4]" started-at="2025-03-13T10:07:28 IST" name="dashboard_validation" finished-at="2025-03-13T10:07:35 IST" duration-ms="6734" status="PASS">
          <reporter-output>
          </reporter-output>
        </test-method> <!-- dashboard_validation -->
        <test-method is-config="true" signature="teardown(org.testng.ITestResult)[pri:0, instance:testcase.smoketest@506ae4d4]" started-at="2025-03-13T10:07:35 IST" name="teardown" finished-at="2025-03-13T10:07:36 IST" duration-ms="766" status="PASS">
          <params>
            <param index="0">
              <value>
                <![CDATA[[TestResult name=dashboard_validation status=SUCCESS method=smoketest.dashboard_validation()[pri:25, instance:testcase.smoketest@506ae4d4] output={null}]]]>
              </value>
            </param>
          </params>
          <reporter-output>
          </reporter-output>
        </test-method> <!-- teardown -->
        <test-method is-config="true" signature="tearDown()[pri:0, instance:testcase.smoketest@506ae4d4]" started-at="2025-03-13T10:07:36 IST" name="tearDown" finished-at="2025-03-13T10:07:37 IST" duration-ms="985" status="PASS">
          <reporter-output>
          </reporter-output>
        </test-method> <!-- tearDown -->
      </class> <!-- testcase.smoketest -->
    </test> <!-- Default test -->
  </suite> <!-- Default suite -->
</testng-results>
